The system is: Linux - 2.6.32-504.el6.i686 - i686
Compiling the C compiler identification source file "CMakeCCompilerId.c" succeeded.
Compiler: /usr/bin/gcc -Wl,-rpath,/usr/local/openvas/lib64;-Wl,-rpath,/usr/local/openvas/lib
Build flags: -I/usr/local/openvas/include;-fno-strict-aliasing
Id flags: 

The output was:
0


Compilation of the C compiler identification source "CMakeCCompilerId.c" produced "a.out"

The C compiler identification is GNU, found in "/home/peterwang/OpenVAS_Source/greenbone-security-assistant-5.0.7/build/CMakeFiles/2.8.12.2/CompilerIdC/a.out"

Determining if the C compiler works passed with the following output:
Change Dir: /home/peterwang/OpenVAS_Source/greenbone-security-assistant-5.0.7/build/CMakeFiles/CMakeTmp

Run Build Command:/usr/bin/gmake "cmTryCompileExec3756126051/fast"
/usr/bin/gmake -f CMakeFiles/cmTryCompileExec3756126051.dir/build.make CMakeFiles/cmTryCompileExec3756126051.dir/build
gmake[1]: Entering directory `/home/peterwang/OpenVAS_Source/greenbone-security-assistant-5.0.7/build/CMakeFiles/CMakeTmp'
/usr/bin/cmake -E cmake_progress_report /home/peterwang/OpenVAS_Source/greenbone-security-assistant-5.0.7/build/CMakeFiles/CMakeTmp/CMakeFiles 1
Building C object CMakeFiles/cmTryCompileExec3756126051.dir/testCCompiler.c.o
/usr/bin/gcc  -Wl,-rpath,/usr/local/openvas/lib64 -Wl,-rpath,/usr/local/openvas/lib  -I/usr/local/openvas/include -fno-strict-aliasing     -o CMakeFiles/cmTryCompileExec3756126051.dir/testCCompiler.c.o   -c /home/peterwang/OpenVAS_Source/greenbone-security-assistant-5.0.7/build/CMakeFiles/CMakeTmp/testCCompiler.c
Linking C executable cmTryCompileExec3756126051
/usr/bin/cmake -E cmake_link_script CMakeFiles/cmTryCompileExec3756126051.dir/link.txt --verbose=1
/usr/bin/gcc  -Wl,-rpath,/usr/local/openvas/lib64 -Wl,-rpath,/usr/local/openvas/lib -I/usr/local/openvas/include -fno-strict-aliasing      CMakeFiles/cmTryCompileExec3756126051.dir/testCCompiler.c.o  -o cmTryCompileExec3756126051 -rdynamic 
gmake[1]: Leaving directory `/home/peterwang/OpenVAS_Source/greenbone-security-assistant-5.0.7/build/CMakeFiles/CMakeTmp'


Detecting C compiler ABI info compiled with the following output:
Change Dir: /home/peterwang/OpenVAS_Source/greenbone-security-assistant-5.0.7/build/CMakeFiles/CMakeTmp

Run Build Command:/usr/bin/gmake "cmTryCompileExec1641239763/fast"
/usr/bin/gmake -f CMakeFiles/cmTryCompileExec1641239763.dir/build.make CMakeFiles/cmTryCompileExec1641239763.dir/build
gmake[1]: Entering directory `/home/peterwang/OpenVAS_Source/greenbone-security-assistant-5.0.7/build/CMakeFiles/CMakeTmp'
/usr/bin/cmake -E cmake_progress_report /home/peterwang/OpenVAS_Source/greenbone-security-assistant-5.0.7/build/CMakeFiles/CMakeTmp/CMakeFiles 1
Building C object CMakeFiles/cmTryCompileExec1641239763.dir/CMakeCCompilerABI.c.o
/usr/bin/gcc  -Wl,-rpath,/usr/local/openvas/lib64 -Wl,-rpath,/usr/local/openvas/lib  -I/usr/local/openvas/include -fno-strict-aliasing     -o CMakeFiles/cmTryCompileExec1641239763.dir/CMakeCCompilerABI.c.o   -c /usr/share/cmake/Modules/CMakeCCompilerABI.c
Linking C executable cmTryCompileExec1641239763
/usr/bin/cmake -E cmake_link_script CMakeFiles/cmTryCompileExec1641239763.dir/link.txt --verbose=1
/usr/bin/gcc  -Wl,-rpath,/usr/local/openvas/lib64 -Wl,-rpath,/usr/local/openvas/lib -I/usr/local/openvas/include -fno-strict-aliasing    -v CMakeFiles/cmTryCompileExec1641239763.dir/CMakeCCompilerABI.c.o  -o cmTryCompileExec1641239763 -rdynamic  
Using built-in specs.
Target: i686-redhat-linux
Configured with: ../configure --prefix=/usr --mandir=/usr/share/man --infodir=/usr/share/info --with-bugurl=http://bugzilla.redhat.com/bugzilla --enable-bootstrap --enable-shared --enable-threads=posix --enable-checking=release --with-system-zlib --enable-__cxa_atexit --disable-libunwind-exceptions --enable-gnu-unique-object --enable-languages=c,c++,objc,obj-c++,java,fortran,ada --enable-java-awt=gtk --disable-dssi --with-java-home=/usr/lib/jvm/java-1.5.0-gcj-1.5.0.0/jre --enable-libgcj-multifile --enable-java-maintainer-mode --with-ecj-jar=/usr/share/java/eclipse-ecj.jar --disable-libjava-multilib --with-ppl --with-cloog --with-tune=generic --with-arch=i686 --build=i686-redhat-linux
Thread model: posix
gcc version 4.4.7 20120313 (Red Hat 4.4.7-16) (GCC) 
COMPILER_PATH=/usr/libexec/gcc/i686-redhat-linux/4.4.7/:/usr/libexec/gcc/i686-redhat-linux/4.4.7/:/usr/libexec/gcc/i686-redhat-linux/:/usr/lib/gcc/i686-redhat-linux/4.4.7/:/usr/lib/gcc/i686-redhat-linux/:/usr/libexec/gcc/i686-redhat-linux/4.4.7/:/usr/libexec/gcc/i686-redhat-linux/:/usr/lib/gcc/i686-redhat-linux/4.4.7/:/usr/lib/gcc/i686-redhat-linux/
LIBRARY_PATH=/usr/lib/gcc/i686-redhat-linux/4.4.7/:/usr/lib/gcc/i686-redhat-linux/4.4.7/:/usr/lib/gcc/i686-redhat-linux/4.4.7/../../../:/lib/:/usr/lib/
COLLECT_GCC_OPTIONS='-I/usr/local/openvas/include' '-fno-strict-aliasing' '-v' '-o' 'cmTryCompileExec1641239763' '-rdynamic' '-mtune=generic' '-march=i686'
 /usr/libexec/gcc/i686-redhat-linux/4.4.7/collect2 --eh-frame-hdr --build-id -m elf_i386 --hash-style=gnu -export-dynamic -dynamic-linker /lib/ld-linux.so.2 -o cmTryCompileExec1641239763 /usr/lib/gcc/i686-redhat-linux/4.4.7/../../../crt1.o /usr/lib/gcc/i686-redhat-linux/4.4.7/../../../crti.o /usr/lib/gcc/i686-redhat-linux/4.4.7/crtbegin.o -L/usr/lib/gcc/i686-redhat-linux/4.4.7 -L/usr/lib/gcc/i686-redhat-linux/4.4.7 -L/usr/lib/gcc/i686-redhat-linux/4.4.7/../../.. -rpath /usr/local/openvas/lib64 -rpath /usr/local/openvas/lib CMakeFiles/cmTryCompileExec1641239763.dir/CMakeCCompilerABI.c.o -lgcc --as-needed -lgcc_s --no-as-needed -lc -lgcc --as-needed -lgcc_s --no-as-needed /usr/lib/gcc/i686-redhat-linux/4.4.7/crtend.o /usr/lib/gcc/i686-redhat-linux/4.4.7/../../../crtn.o
gmake[1]: Leaving directory `/home/peterwang/OpenVAS_Source/greenbone-security-assistant-5.0.7/build/CMakeFiles/CMakeTmp'


Parsed C implicit link information from above output:
  link line regex: [^( *|.*[/\])(ld|([^/\]+-)?ld|collect2)[^/\]*( |$)]
  ignore line: [Change Dir: /home/peterwang/OpenVAS_Source/greenbone-security-assistant-5.0.7/build/CMakeFiles/CMakeTmp]
  ignore line: []
  ignore line: [Run Build Command:/usr/bin/gmake "cmTryCompileExec1641239763/fast"]
  ignore line: [/usr/bin/gmake -f CMakeFiles/cmTryCompileExec1641239763.dir/build.make CMakeFiles/cmTryCompileExec1641239763.dir/build]
  ignore line: [gmake[1]: Entering directory `/home/peterwang/OpenVAS_Source/greenbone-security-assistant-5.0.7/build/CMakeFiles/CMakeTmp']
  ignore line: [/usr/bin/cmake -E cmake_progress_report /home/peterwang/OpenVAS_Source/greenbone-security-assistant-5.0.7/build/CMakeFiles/CMakeTmp/CMakeFiles 1]
  ignore line: [Building C object CMakeFiles/cmTryCompileExec1641239763.dir/CMakeCCompilerABI.c.o]
  ignore line: [/usr/bin/gcc  -Wl,-rpath,/usr/local/openvas/lib64 -Wl,-rpath,/usr/local/openvas/lib  -I/usr/local/openvas/include -fno-strict-aliasing     -o CMakeFiles/cmTryCompileExec1641239763.dir/CMakeCCompilerABI.c.o   -c /usr/share/cmake/Modules/CMakeCCompilerABI.c]
  ignore line: [Linking C executable cmTryCompileExec1641239763]
  ignore line: [/usr/bin/cmake -E cmake_link_script CMakeFiles/cmTryCompileExec1641239763.dir/link.txt --verbose=1]
  ignore line: [/usr/bin/gcc  -Wl,-rpath,/usr/local/openvas/lib64 -Wl,-rpath,/usr/local/openvas/lib -I/usr/local/openvas/include -fno-strict-aliasing    -v CMakeFiles/cmTryCompileExec1641239763.dir/CMakeCCompilerABI.c.o  -o cmTryCompileExec1641239763 -rdynamic  ]
  ignore line: [Using built-in specs.]
  ignore line: [Target: i686-redhat-linux]
  ignore line: [Configured with: ../configure --prefix=/usr --mandir=/usr/share/man --infodir=/usr/share/info --with-bugurl=http://bugzilla.redhat.com/bugzilla --enable-bootstrap --enable-shared --enable-threads=posix --enable-checking=release --with-system-zlib --enable-__cxa_atexit --disable-libunwind-exceptions --enable-gnu-unique-object --enable-languages=c,c++,objc,obj-c++,java,fortran,ada --enable-java-awt=gtk --disable-dssi --with-java-home=/usr/lib/jvm/java-1.5.0-gcj-1.5.0.0/jre --enable-libgcj-multifile --enable-java-maintainer-mode --with-ecj-jar=/usr/share/java/eclipse-ecj.jar --disable-libjava-multilib --with-ppl --with-cloog --with-tune=generic --with-arch=i686 --build=i686-redhat-linux]
  ignore line: [Thread model: posix]
  ignore line: [gcc version 4.4.7 20120313 (Red Hat 4.4.7-16) (GCC) ]
  ignore line: [COMPILER_PATH=/usr/libexec/gcc/i686-redhat-linux/4.4.7/:/usr/libexec/gcc/i686-redhat-linux/4.4.7/:/usr/libexec/gcc/i686-redhat-linux/:/usr/lib/gcc/i686-redhat-linux/4.4.7/:/usr/lib/gcc/i686-redhat-linux/:/usr/libexec/gcc/i686-redhat-linux/4.4.7/:/usr/libexec/gcc/i686-redhat-linux/:/usr/lib/gcc/i686-redhat-linux/4.4.7/:/usr/lib/gcc/i686-redhat-linux/]
  ignore line: [LIBRARY_PATH=/usr/lib/gcc/i686-redhat-linux/4.4.7/:/usr/lib/gcc/i686-redhat-linux/4.4.7/:/usr/lib/gcc/i686-redhat-linux/4.4.7/../../../:/lib/:/usr/lib/]
  ignore line: [COLLECT_GCC_OPTIONS='-I/usr/local/openvas/include' '-fno-strict-aliasing' '-v' '-o' 'cmTryCompileExec1641239763' '-rdynamic' '-mtune=generic' '-march=i686']
  link line: [ /usr/libexec/gcc/i686-redhat-linux/4.4.7/collect2 --eh-frame-hdr --build-id -m elf_i386 --hash-style=gnu -export-dynamic -dynamic-linker /lib/ld-linux.so.2 -o cmTryCompileExec1641239763 /usr/lib/gcc/i686-redhat-linux/4.4.7/../../../crt1.o /usr/lib/gcc/i686-redhat-linux/4.4.7/../../../crti.o /usr/lib/gcc/i686-redhat-linux/4.4.7/crtbegin.o -L/usr/lib/gcc/i686-redhat-linux/4.4.7 -L/usr/lib/gcc/i686-redhat-linux/4.4.7 -L/usr/lib/gcc/i686-redhat-linux/4.4.7/../../.. -rpath /usr/local/openvas/lib64 -rpath /usr/local/openvas/lib CMakeFiles/cmTryCompileExec1641239763.dir/CMakeCCompilerABI.c.o -lgcc --as-needed -lgcc_s --no-as-needed -lc -lgcc --as-needed -lgcc_s --no-as-needed /usr/lib/gcc/i686-redhat-linux/4.4.7/crtend.o /usr/lib/gcc/i686-redhat-linux/4.4.7/../../../crtn.o]
    arg [/usr/libexec/gcc/i686-redhat-linux/4.4.7/collect2] ==> ignore
    arg [--eh-frame-hdr] ==> ignore
    arg [--build-id] ==> ignore
    arg [-m] ==> ignore
    arg [elf_i386] ==> ignore
    arg [--hash-style=gnu] ==> ignore
    arg [-export-dynamic] ==> ignore
    arg [-dynamic-linker] ==> ignore
    arg [/lib/ld-linux.so.2] ==> ignore
    arg [-o] ==> ignore
    arg [cmTryCompileExec1641239763] ==> ignore
    arg [/usr/lib/gcc/i686-redhat-linux/4.4.7/../../../crt1.o] ==> ignore
    arg [/usr/lib/gcc/i686-redhat-linux/4.4.7/../../../crti.o] ==> ignore
    arg [/usr/lib/gcc/i686-redhat-linux/4.4.7/crtbegin.o] ==> ignore
    arg [-L/usr/lib/gcc/i686-redhat-linux/4.4.7] ==> dir [/usr/lib/gcc/i686-redhat-linux/4.4.7]
    arg [-L/usr/lib/gcc/i686-redhat-linux/4.4.7] ==> dir [/usr/lib/gcc/i686-redhat-linux/4.4.7]
    arg [-L/usr/lib/gcc/i686-redhat-linux/4.4.7/../../..] ==> dir [/usr/lib/gcc/i686-redhat-linux/4.4.7/../../..]
    arg [-rpath] ==> ignore
    arg [/usr/local/openvas/lib64] ==> ignore
    arg [-rpath] ==> ignore
    arg [/usr/local/openvas/lib] ==> ignore
    arg [CMakeFiles/cmTryCompileExec1641239763.dir/CMakeCCompilerABI.c.o] ==> ignore
    arg [-lgcc] ==> lib [gcc]
    arg [--as-needed] ==> ignore
    arg [-lgcc_s] ==> lib [gcc_s]
    arg [--no-as-needed] ==> ignore
    arg [-lc] ==> lib [c]
    arg [-lgcc] ==> lib [gcc]
    arg [--as-needed] ==> ignore
    arg [-lgcc_s] ==> lib [gcc_s]
    arg [--no-as-needed] ==> ignore
    arg [/usr/lib/gcc/i686-redhat-linux/4.4.7/crtend.o] ==> ignore
    arg [/usr/lib/gcc/i686-redhat-linux/4.4.7/../../../crtn.o] ==> ignore
  remove lib [gcc]
  remove lib [gcc_s]
  remove lib [gcc]
  remove lib [gcc_s]
  collapse library dir [/usr/lib/gcc/i686-redhat-linux/4.4.7] ==> [/usr/lib/gcc/i686-redhat-linux/4.4.7]
  collapse library dir [/usr/lib/gcc/i686-redhat-linux/4.4.7] ==> [/usr/lib/gcc/i686-redhat-linux/4.4.7]
  collapse library dir [/usr/lib/gcc/i686-redhat-linux/4.4.7/../../..] ==> [/usr/lib]
  implicit libs: [c]
  implicit dirs: [/usr/lib/gcc/i686-redhat-linux/4.4.7;/usr/lib]
  implicit fwks: []


